[   17964ms] [INFO] Using Calcite Components 5.0.2 [Date: 2026-02-18, Revision: 960214b84] @ https://aallc.maps.arcgis.com/apps/instant/_astro/signal.BeLDHq9G.js:35
[   19079ms] [INFO] Telemetry Disabled @ https://aallc.maps.arcgis.com/apps/instant/_astro/telemetry.U3skjQHQ.js:2
[   19079ms] [INFO] Page view was not logged because telemetry is disabled. @ https://aallc.maps.arcgis.com/apps/instant/_astro/telemetry.U3skjQHQ.js:2
[   22886ms] [LOG] Error calling AWS TypeError: Failed to fetch
    at jo.fetch (https://aallc.maps.arcgis.com/apps/instant/_astro/telemetry.U3skjQHQ.js:7:1437) @ https://aallc.maps.arcgis.com/apps/instant/_astro/telemetry.U3skjQHQ.js:10
[   23055ms] [INFO] Using Calcite Components 5.0.2 [Date: 2026-02-18, Revision: 960214b84] @ https://aallc.maps.arcgis.com/apps/instant/_astro/signal.BeLDHq9G.js:35
[   24105ms] [INFO] Telemetry Disabled @ https://aallc.maps.arcgis.com/apps/instant/_astro/telemetry.U3skjQHQ.js:2
[   24105ms] [INFO] Page view was not logged because telemetry is disabled. @ https://aallc.maps.arcgis.com/apps/instant/_astro/telemetry.U3skjQHQ.js:2
[   24752ms] TypeError: Cannot read properties of null (reading 'getComponents')
    at https://aallc.maps.arcgis.com/apps/instant/_astro/positionManager.072SmxL5.js:1:466
[   24752ms] TypeError: Cannot read properties of null (reading 'getComponents')
    at https://aallc.maps.arcgis.com/apps/instant/_astro/positionManager.072SmxL5.js:1:466
[   24752ms] TypeError: Cannot read properties of null (reading 'getComponents')
    at https://aallc.maps.arcgis.com/apps/instant/_astro/positionManager.072SmxL5.js:1:466
[   24752ms] TypeError: Cannot read properties of null (reading 'getComponents')
    at https://aallc.maps.arcgis.com/apps/instant/_astro/positionManager.072SmxL5.js:1:466
[   24881ms] TypeError: Cannot read properties of null (reading 'getComponents')
    at https://aallc.maps.arcgis.com/apps/instant/_astro/positionManager.072SmxL5.js:1:466
[   24881ms] TypeError: Cannot read properties of null (reading 'getComponents')
    at https://aallc.maps.arcgis.com/apps/instant/_astro/positionManager.072SmxL5.js:1:466
[   24881ms] TypeError: Cannot read properties of null (reading 'getComponents')
    at https://aallc.maps.arcgis.com/apps/instant/_astro/positionManager.072SmxL5.js:1:466
[   24881ms] TypeError: Cannot read properties of null (reading 'getComponents')
    at https://aallc.maps.arcgis.com/apps/instant/_astro/positionManager.072SmxL5.js:1:466
