[   17003ms] [INFO] Using Calcite Components 5.0.2 [Date: 2026-02-18, Revision: 960214b84] @ https://aallc.maps.arcgis.com/apps/instant/_astro/signal.BeLDHq9G.js:35
[   18758ms] [INFO] Telemetry Disabled @ https://aallc.maps.arcgis.com/apps/instant/_astro/telemetry.U3skjQHQ.js:2
[   18758ms] [INFO] Page view was not logged because telemetry is disabled. @ https://aallc.maps.arcgis.com/apps/instant/_astro/telemetry.U3skjQHQ.js:2
[   21894ms] [LOG] Error calling AWS Error: TypeError: Failed to fetch
    at https://aallc.maps.arcgis.com/apps/instant/_astro/telemetry.U3skjQHQ.js:11:17508
    at https://aallc.maps.arcgis.com/apps/instant/_astro/telemetry.U3skjQHQ.js:4:27975
    at Generator.<anonymous> (https://aallc.maps.arcgis.com/apps/instant/_astro/telemetry.U3skjQHQ.js:4:23897)
    at Generator.throw (https://aallc.maps.arcgis.com/apps/instant/_astro/telemetry.U3skjQHQ.js:4:22318)
    at er (https://aallc.maps.arcgis.com/apps/instant/_astro/telemetry.U3skjQHQ.js:4:28690)
    at d (https://aallc.maps.arcgis.com/apps/instant/_astro/telemetry.U3skjQHQ.js:4:28930) @ https://aallc.maps.arcgis.com/apps/instant/_astro/telemetry.U3skjQHQ.js:10
[   21894ms] [LOG] Error calling AWS Error: TypeError: Failed to fetch
    at https://aallc.maps.arcgis.com/apps/instant/_astro/telemetry.U3skjQHQ.js:11:17508
    at https://aallc.maps.arcgis.com/apps/instant/_astro/telemetry.U3skjQHQ.js:4:27975
    at Generator.<anonymous> (https://aallc.maps.arcgis.com/apps/instant/_astro/telemetry.U3skjQHQ.js:4:23897)
    at Generator.throw (https://aallc.maps.arcgis.com/apps/instant/_astro/telemetry.U3skjQHQ.js:4:22318)
    at er (https://aallc.maps.arcgis.com/apps/instant/_astro/telemetry.U3skjQHQ.js:4:28690)
    at d (https://aallc.maps.arcgis.com/apps/instant/_astro/telemetry.U3skjQHQ.js:4:28930) @ https://aallc.maps.arcgis.com/apps/instant/_astro/telemetry.U3skjQHQ.js:10
[   22030ms] [INFO] Using Calcite Components 5.0.2 [Date: 2026-02-18, Revision: 960214b84] @ https://aallc.maps.arcgis.com/apps/instant/_astro/signal.BeLDHq9G.js:35
[   22859ms] [INFO] Telemetry Disabled @ https://aallc.maps.arcgis.com/apps/instant/_astro/telemetry.U3skjQHQ.js:2
[   22860ms] [INFO] Page view was not logged because telemetry is disabled. @ https://aallc.maps.arcgis.com/apps/instant/_astro/telemetry.U3skjQHQ.js:2
[   23492ms] TypeError: Cannot read properties of null (reading 'getComponents')
    at https://aallc.maps.arcgis.com/apps/instant/_astro/positionManager.072SmxL5.js:1:466
[   23492ms] TypeError: Cannot read properties of null (reading 'getComponents')
    at https://aallc.maps.arcgis.com/apps/instant/_astro/positionManager.072SmxL5.js:1:466
[   23492ms] TypeError: Cannot read properties of null (reading 'getComponents')
    at https://aallc.maps.arcgis.com/apps/instant/_astro/positionManager.072SmxL5.js:1:466
[   23492ms] TypeError: Cannot read properties of null (reading 'getComponents')
    at https://aallc.maps.arcgis.com/apps/instant/_astro/positionManager.072SmxL5.js:1:466
[   23659ms] T
